Error at image 1 of website 1: Key errorError at website 2: name 'image_url' is not defined
Error at website 4: HTTPSConnectionPool(host='cisco.com', port=443): Max retries exceeded with url: / (Caused by SSLError(SSLError(1, '[SSL: UNSAFE_LEGACY_RENEGOTIATION_DISABLED] unsafe legacy renegotiation disabled (_ssl.c:1007)')))
Error at image 1 of website 4: cannot identify image file <_io.BytesIO object at 0x7fdd3caa0ea0>
Error at image 2 of website 4: cannot identify image file <_io.BytesIO object at 0x7fdd3caa1350>
Error at image 3 of website 4: cannot identify image file <_io.BytesIO object at 0x7fdd3ce43420>
Error at image 4 of website 4: cannot identify image file <_io.BytesIO object at 0x7fdd3ca46480>
Error at image 5 of website 4: cannot identify image file <_io.BytesIO object at 0x7fdd3ca46b60>
Error at image 6 of website 4: cannot identify image file <_io.BytesIO object at 0x7fdd3ca46b60>
Error at image 7 of website 4: cannot identify image file <_io.BytesIO object at 0x7fdd3c774ef0>
Error at image 8 of website 4: cannot identify image file <_io.BytesIO object at 0x7fdd3ce19080>
Error at image 9 of website 4: cannot identify image file <_io.BytesIO object at 0x7fdd3ca46480>
Error at image 10 of website 4: cannot identify image file <_io.BytesIO object at 0x7fdd3ca46e80>
Error at image 11 of website 4: cannot identify image file <_io.BytesIO object at 0x7fdd3ca46480>
Error at image 12 of website 4: cannot identify image file <_io.BytesIO object at 0x7fdd3c7768e0>
Error at image 13 of website 4: cannot identify image file <_io.BytesIO object at 0x7fdd3c774a40>
Error at image 14 of website 4: cannot identify image file <_io.BytesIO object at 0x7fdd3caa1350>
Error at image 15 of website 4: cannot identify image file <_io.BytesIO object at 0x7fdd3ca46b60>
Error at image 18 of website 4: cannot identify image file <_io.BytesIO object at 0x7fdd3d086b60>
Error at image 19 of website 4: cannot identify image file <_io.BytesIO object at 0x7fdd3d086b60>
Error at image 20 of website 4: cannot identify image file <_io.BytesIO object at 0x7fdd3c775440>
Error at image 21 of website 4: cannot identify image file <_io.BytesIO object at 0x7fdd3c4508b0>
Error at image 22 of website 4: cannot identify image file <_io.BytesIO object at 0x7fdd3c4508b0>
Error at image 23 of website 4: cannot identify image file <_io.BytesIO object at 0x7fdd3ca46b10>
Error at image 24 of website 4: cannot identify image file <_io.BytesIO object at 0x7fdd3d2cd530>
Error at image 1 of website 1: Key errorImage URL: http://honeywell.com/content/dam/honeywellbt/en/images/content-images/nav-icons/company/Quantum_opt%20A_Nav_Company.svg
Error at image 2 of website 1: Key errorImage URL: http://honeywell.com/content/dam/honeywellbt/en/images/content-images/nav-icons/company/Quantum_opt%20A_Nav_Company.svg
Error at image 3 of website 1: Key errorImage URL: http://honeywell.com/content/dam/honeywellbt/en/images/content-images/nav-icons/company/Quantum_opt%20A_Nav_Company.svg
Error at image 4 of website 1: Key errorImage URL: http://honeywell.com/content/dam/honeywellbt/en/images/content-images/nav-icons/company/Quantum_opt%20A_Nav_Company.svg
Error at image 5 of website 1: Key errorImage URL: http://honeywell.com/content/dam/honeywellbt/en/images/content-images/nav-icons/company/Quantum_opt%20A_Nav_Company.svg
Error at image 6 of website 1: Key errorImage URL: http://honeywell.com/content/dam/honeywellbt/en/images/content-images/nav-icons/company/Quantum_opt%20A_Nav_Company.svg
Error at image 7 of website 1: Key errorImage URL: http://honeywell.com/content/dam/honeywellbt/en/images/content-images/nav-icons/company/Quantum_opt%20A_Nav_Company.svg
Error at image 8 of website 1: Key errorImage URL: http://honeywell.com/content/dam/honeywellbt/en/images/content-images/nav-icons/company/Quantum_opt%20A_Nav_Company.svg
Error at image 9 of website 1: Key errorImage URL: http://honeywell.com/content/dam/honeywellbt/en/images/content-images/nav-icons/company/Quantum_opt%20A_Nav_Company.svg
Error at image 10 of website 1: Key errorImage URL: http://honeywell.com/content/dam/honeywellbt/en/images/content-images/nav-icons/company/Quantum_opt%20A_Nav_Company.svg
Error at image 11 of website 1: Key errorImage URL: http://honeywell.com/content/dam/honeywellbt/en/images/content-images/nav-icons/company/Quantum_opt%20A_Nav_Company.svg
Error at image 12 of website 1: Key errorImage URL: http://honeywell.com/content/dam/honeywellbt/en/images/content-images/nav-icons/company/Quantum_opt%20A_Nav_Company.svg
Error at image 13 of website 1: Key errorImage URL: http://honeywell.com/content/dam/honeywellbt/en/images/content-images/nav-icons/company/Quantum_opt%20A_Nav_Company.svg
Error at image 14 of website 1: Key errorImage URL: http://honeywell.com/content/dam/honeywellbt/en/images/content-images/nav-icons/company/Quantum_opt%20A_Nav_Company.svg
Error at image 15 of website 1: Key errorImage URL: http://honeywell.com/content/dam/honeywellbt/en/images/content-images/nav-icons/company/Quantum_opt%20A_Nav_Company.svg
Error at image 16 of website 1: Key errorImage URL: http://honeywell.com/content/dam/honeywellbt/en/images/content-images/nav-icons/company/Quantum_opt%20A_Nav_Company.svg
Error at image 17 of website 1: Key errorImage URL: http://honeywell.com/content/dam/honeywellbt/en/images/content-images/nav-icons/company/Quantum_opt%20A_Nav_Company.svg
Error at image 18 of website 1: Key errorImage URL: http://honeywell.com/content/dam/honeywellbt/en/images/content-images/nav-icons/company/Quantum_opt%20A_Nav_Company.svg
Error at image 19 of website 1: Key errorImage URL: http://honeywell.com/content/dam/honeywellbt/en/images/content-images/nav-icons/company/Quantum_opt%20A_Nav_Company.svg
Error at image 20 of website 1: Key errorImage URL: http://honeywell.com/content/dam/honeywellbt/en/images/content-images/nav-icons/company/Quantum_opt%20A_Nav_Company.svg
Error at image 21 of website 1: Key errorImage URL: http://honeywell.com/content/dam/honeywellbt/en/images/content-images/nav-icons/company/Quantum_opt%20A_Nav_Company.svg
Error at image 22 of website 1: Key errorImage URL: http://honeywell.com/content/dam/honeywellbt/en/images/content-images/nav-icons/company/Quantum_opt%20A_Nav_Company.svg
Error at image 23 of website 1: Key errorImage URL: http://honeywell.com/content/dam/honeywellbt/en/images/content-images/nav-icons/company/Quantum_opt%20A_Nav_Company.svg
Error at image 24 of website 1: Key errorImage URL: http://honeywell.com/content/dam/honeywellbt/en/images/content-images/nav-icons/company/Quantum_opt%20A_Nav_Company.svg
Error at image 25 of website 1: Key errorImage URL: http://honeywell.com/content/dam/honeywellbt/en/images/content-images/nav-icons/company/Quantum_opt%20A_Nav_Company.svg
Error at image 26 of website 1: Key errorImage URL: http://honeywell.com/content/dam/honeywellbt/en/images/content-images/nav-icons/company/Quantum_opt%20A_Nav_Company.svg
Error at image 27 of website 1: Key errorImage URL: http://honeywell.com/content/dam/honeywellbt/en/images/content-images/nav-icons/company/Quantum_opt%20A_Nav_Company.svg
Error at image 28 of website 1: Key errorImage URL: http://honeywell.com/content/dam/honeywellbt/en/images/content-images/nav-icons/company/Quantum_opt%20A_Nav_Company.svg
Error at image 29 of website 1: Key errorImage URL: http://honeywell.com/content/dam/honeywellbt/en/images/content-images/nav-icons/company/Quantum_opt%20A_Nav_Company.svg
Error at image 30 of website 1: Key errorImage URL: http://honeywell.com/content/dam/honeywellbt/en/images/content-images/nav-icons/company/Quantum_opt%20A_Nav_Company.svg
Error at image 31 of website 1: Key errorImage URL: http://honeywell.com/content/dam/honeywellbt/en/images/content-images/nav-icons/company/Quantum_opt%20A_Nav_Company.svg
Error at image 32 of website 1: Key errorImage URL: http://honeywell.com/content/dam/honeywellbt/en/images/content-images/nav-icons/company/Quantum_opt%20A_Nav_Company.svg
Error at image 33 of website 1: Key errorImage URL: http://honeywell.com/content/dam/honeywellbt/en/images/content-images/nav-icons/company/Quantum_opt%20A_Nav_Company.svg
Error at image 34 of website 1: Key errorImage URL: http://honeywell.com/content/dam/honeywellbt/en/images/content-images/nav-icons/company/Quantum_opt%20A_Nav_Company.svg
Error at image 35 of website 1: Key errorImage URL: http://honeywell.com/content/dam/honeywellbt/en/images/content-images/nav-icons/company/Quantum_opt%20A_Nav_Company.svg
Error at image 36 of website 1: Key errorImage URL: http://honeywell.com/content/dam/honeywellbt/en/images/content-images/nav-icons/company/Quantum_opt%20A_Nav_Company.svg
Error at image 37 of website 1: Key errorImage URL: http://honeywell.com/content/dam/honeywellbt/en/images/content-images/nav-icons/company/Quantum_opt%20A_Nav_Company.svg
Error at image 38 of website 1: Key errorImage URL: http://honeywell.com/content/dam/honeywellbt/en/images/content-images/nav-icons/company/Quantum_opt%20A_Nav_Company.svg
Error at image 39 of website 1: Key errorImage URL: http://honeywell.com/content/dam/honeywellbt/en/images/content-images/nav-icons/company/Quantum_opt%20A_Nav_Company.svg
Error at image 40 of website 1: Key errorImage URL: http://honeywell.com/content/dam/honeywellbt/en/images/content-images/nav-icons/company/Quantum_opt%20A_Nav_Company.svg
Error at image 41 of website 1: Key errorImage URL: http://honeywell.com/content/dam/honeywellbt/en/images/content-images/nav-icons/company/Quantum_opt%20A_Nav_Company.svg
Error at image 42 of website 1: Key errorImage URL: http://honeywell.com/content/dam/honeywellbt/en/images/content-images/nav-icons/company/Quantum_opt%20A_Nav_Company.svg
Error at image 43 of website 1: Key errorImage URL: http://honeywell.com/content/dam/honeywellbt/en/images/content-images/nav-icons/company/Quantum_opt%20A_Nav_Company.svg
Error at image 44 of website 1: Key errorImage URL: http://honeywell.com/content/dam/honeywellbt/en/images/content-images/nav-icons/company/Quantum_opt%20A_Nav_Company.svg
Error at image 45 of website 1: Key errorImage URL: http://honeywell.com/content/dam/honeywellbt/en/images/content-images/nav-icons/company/Quantum_opt%20A_Nav_Company.svg
Error at image 46 of website 1: Key errorImage URL: http://honeywell.com/content/dam/honeywellbt/en/images/content-images/nav-icons/company/Quantum_opt%20A_Nav_Company.svg
Error at image 47 of website 1: Key errorImage URL: http://honeywell.com/content/dam/honeywellbt/en/images/content-images/nav-icons/company/Quantum_opt%20A_Nav_Company.svg
Error at image 48 of website 1: Key errorImage URL: http://honeywell.com/content/dam/honeywellbt/en/images/content-images/nav-icons/company/Quantum_opt%20A_Nav_Company.svg
Error at image 49 of website 1: Key errorImage URL: http://honeywell.com/content/dam/honeywellbt/en/images/content-images/nav-icons/company/Quantum_opt%20A_Nav_Company.svg
Error at image 50 of website 1: Key errorImage URL: http://honeywell.com/content/dam/honeywellbt/en/images/content-images/nav-icons/company/Quantum_opt%20A_Nav_Company.svg
Error at image 51 of website 1: Key errorImage URL: http://honeywell.com/content/dam/honeywellbt/en/images/content-images/nav-icons/company/Quantum_opt%20A_Nav_Company.svg
Error at image 52 of website 1: Key errorImage URL: http://honeywell.com/content/dam/honeywellbt/en/images/content-images/nav-icons/company/Quantum_opt%20A_Nav_Company.svg
Error at image 53 of website 1: Key errorImage URL: http://honeywell.com/content/dam/honeywellbt/en/images/content-images/nav-icons/company/Quantum_opt%20A_Nav_Company.svg
Error at image 54 of website 1: Key errorImage URL: http://honeywell.com/content/dam/honeywellbt/en/images/content-images/nav-icons/company/Quantum_opt%20A_Nav_Company.svg
Error at image 55 of website 1: Key errorImage URL: http://honeywell.com/content/dam/honeywellbt/en/images/content-images/nav-icons/company/Quantum_opt%20A_Nav_Company.svg
Error at image 56 of website 1: Key errorImage URL: http://honeywell.com/content/dam/honeywellbt/en/images/content-images/nav-icons/company/Quantum_opt%20A_Nav_Company.svg
Error at image 57 of website 1: Key errorImage URL: http://honeywell.com/content/dam/honeywellbt/en/images/content-images/nav-icons/company/Quantum_opt%20A_Nav_Company.svg
Error at image 58 of website 1: Key errorImage URL: http://honeywell.com/content/dam/honeywellbt/en/images/content-images/nav-icons/company/Quantum_opt%20A_Nav_Company.svg
Error at image 59 of website 1: Key errorImage URL: http://honeywell.com/content/dam/honeywellbt/en/images/content-images/nav-icons/company/Quantum_opt%20A_Nav_Company.svg
Error at image 60 of website 1: Key errorImage URL: http://honeywell.com/content/dam/honeywellbt/en/images/content-images/nav-icons/company/Quantum_opt%20A_Nav_Company.svg
Error at image 61 of website 1: Key errorImage URL: http://honeywell.com/content/dam/honeywellbt/en/images/content-images/nav-icons/company/Quantum_opt%20A_Nav_Company.svg
Error at image 62 of website 1: Key errorImage URL: http://honeywell.com/content/dam/honeywellbt/en/images/content-images/nav-icons/company/Quantum_opt%20A_Nav_Company.svg
Error at image 63 of website 1: Key errorImage URL: http://honeywell.com/content/dam/honeywellbt/en/images/content-images/nav-icons/company/Quantum_opt%20A_Nav_Company.svg
Error at image 64 of website 1: Key errorImage URL: http://honeywell.com/content/dam/honeywellbt/en/images/content-images/nav-icons/company/Quantum_opt%20A_Nav_Company.svg
Error at image 65 of website 1: Key errorImage URL: http://honeywell.com/content/dam/honeywellbt/en/images/content-images/nav-icons/company/Quantum_opt%20A_Nav_Company.svg
Error at image 66 of website 1: Key errorImage URL: http://honeywell.com/content/dam/honeywellbt/en/images/content-images/nav-icons/company/Quantum_opt%20A_Nav_Company.svg
Error at image 67 of website 1: Key errorImage URL: http://honeywell.com/content/dam/honeywellbt/en/images/content-images/nav-icons/company/Quantum_opt%20A_Nav_Company.svg
Error at image 68 of website 1: Key errorImage URL: http://honeywell.com/content/dam/honeywellbt/en/images/content-images/nav-icons/company/Quantum_opt%20A_Nav_Company.svg
Error at image 69 of website 1: Key errorImage URL: http://honeywell.com/content/dam/honeywellbt/en/images/content-images/nav-icons/company/Quantum_opt%20A_Nav_Company.svg
Error at image 70 of website 1: Key errorImage URL: http://honeywell.com/content/dam/honeywellbt/en/images/content-images/nav-icons/company/Quantum_opt%20A_Nav_Company.svg
Error at image 71 of website 1: Key errorImage URL: http://honeywell.com/content/dam/honeywellbt/en/images/content-images/nav-icons/company/Quantum_opt%20A_Nav_Company.svg
Error at image 72 of website 1: Key errorImage URL: http://honeywell.com/content/dam/honeywellbt/en/images/content-images/nav-icons/company/Quantum_opt%20A_Nav_Company.svg
Error at image 73 of website 1: Key errorImage URL: http://honeywell.com/content/dam/honeywellbt/en/images/content-images/nav-icons/company/Quantum_opt%20A_Nav_Company.svg
Error at image 74 of website 1: Key errorImage URL: http://honeywell.com/content/dam/honeywellbt/en/images/content-images/nav-icons/company/Quantum_opt%20A_Nav_Company.svg
Error at image 75 of website 1: Key errorImage URL: http://honeywell.com/content/dam/honeywellbt/en/images/content-images/nav-icons/company/Quantum_opt%20A_Nav_Company.svg
Error at image 76 of website 1: Key errorImage URL: http://honeywell.com/content/dam/honeywellbt/en/images/content-images/nav-icons/company/Quantum_opt%20A_Nav_Company.svg
Error at image 77 of website 1: Key errorImage URL: http://honeywell.com/content/dam/honeywellbt/en/images/content-images/nav-icons/company/Quantum_opt%20A_Nav_Company.svg
Error at image 78 of website 1: Key errorImage URL: http://honeywell.com/content/dam/honeywellbt/en/images/content-images/nav-icons/company/Quantum_opt%20A_Nav_Company.svg
Error at image 79 of website 1: Key errorImage URL: http://honeywell.com/content/dam/honeywellbt/en/images/content-images/nav-icons/company/Quantum_opt%20A_Nav_Company.svg
Error at image 80 of website 1: Key errorImage URL: http://honeywell.com/content/dam/honeywellbt/en/images/content-images/nav-icons/company/Quantum_opt%20A_Nav_Company.svg
Error at image 81 of website 1: Key errorImage URL: http://honeywell.com/content/dam/honeywellbt/en/images/content-images/nav-icons/company/Quantum_opt%20A_Nav_Company.svg
Error at image 82 of website 1: Key errorImage URL: http://honeywell.com/content/dam/honeywellbt/en/images/content-images/nav-icons/company/Quantum_opt%20A_Nav_Company.svg
Error at image 83 of website 1: Key errorImage URL: http://honeywell.com/content/dam/honeywellbt/en/images/content-images/nav-icons/company/Quantum_opt%20A_Nav_Company.svg
Error at image 84 of website 1: Key errorImage URL: http://honeywell.com/content/dam/honeywellbt/en/images/content-images/nav-icons/company/Quantum_opt%20A_Nav_Company.svg
Error at image 85 of website 1: Key errorImage URL: http://honeywell.com/content/dam/honeywellbt/en/images/content-images/nav-icons/company/Quantum_opt%20A_Nav_Company.svg
Error at image 86 of website 1: Key errorImage URL: http://honeywell.com/content/dam/honeywellbt/en/images/content-images/nav-icons/company/Quantum_opt%20A_Nav_Company.svg
Error at image 87 of website 1: Key errorImage URL: http://honeywell.com/content/dam/honeywellbt/en/images/content-images/nav-icons/company/Quantum_opt%20A_Nav_Company.svg
Error at image 88 of website 1: Key errorImage URL: http://honeywell.com/content/dam/honeywellbt/en/images/content-images/nav-icons/company/Quantum_opt%20A_Nav_Company.svg
Error at image 89 of website 1: Key errorImage URL: http://honeywell.com/content/dam/honeywellbt/en/images/content-images/nav-icons/company/Quantum_opt%20A_Nav_Company.svg
Error at image 90 of website 1: cannot identify image file <_io.BytesIO object at 0x7fdd3c525da0>
Image URL: http://samsung.com
Error at image 91 of website 1: module 'webbrowser' has no attribute 'close'
Image URL: http://images.samsung.com/is/image/samsung/assets/id/2407/home/HOME_B6Q6_Main-KV_1440x640_pc_preview.jpg?imwidth=1366
Error at image 92 of website 1: Key errorImage URL: http://images.samsung.com/is/image/samsung/assets/id/2407/home/HOME_B6Q6_Main-KV_1440x640_pc_preview.jpg?imwidth=1366
Error at image 93 of website 1: Key errorImage URL: http://images.samsung.com/is/image/samsung/assets/id/2407/home/HOME_B6Q6_Main-KV_1440x640_pc_preview.jpg?imwidth=1366
Error at image 94 of website 1: Key errorImage URL: http://images.samsung.com/is/image/samsung/assets/id/2407/home/HOME_B6Q6_Main-KV_1440x640_pc_preview.jpg?imwidth=1366
Error at image 95 of website 1: Key errorImage URL: http://images.samsung.com/is/image/samsung/assets/id/2407/home/HOME_B6Q6_Main-KV_1440x640_pc_preview.jpg?imwidth=1366
Error at image 96 of website 1: Key errorImage URL: http://images.samsung.com/is/image/samsung/assets/id/2407/home/HOME_B6Q6_Main-KV_1440x640_pc_preview.jpg?imwidth=1366
Error at image 97 of website 1: Key errorImage URL: http://images.samsung.com/is/image/samsung/assets/id/2407/home/HOME_B6Q6_Main-KV_1440x640_pc_preview.jpg?imwidth=1366
Error at image 98 of website 1: Key errorImage URL: http://images.samsung.com/is/image/samsung/assets/id/2407/home/HOME_B6Q6_Main-KV_1440x640_pc_preview.jpg?imwidth=1366
Error at image 99 of website 1: Key errorImage URL: http://images.samsung.com/is/image/samsung/assets/id/2407/home/HOME_B6Q6_Main-KV_1440x640_pc_preview.jpg?imwidth=1366
Error at image 100 of website 1: Key errorImage URL: http://images.samsung.com/is/image/samsung/assets/id/2407/home/HOME_B6Q6_Main-KV_1440x640_pc_preview.jpg?imwidth=1366
Error at image 101 of website 1: Key errorImage URL: http://images.samsung.com/is/image/samsung/assets/id/2407/home/HOME_B6Q6_Main-KV_1440x640_pc_preview.jpg?imwidth=1366
Error at image 102 of website 1: Key errorImage URL: http://images.samsung.com/is/image/samsung/assets/id/2407/home/HOME_B6Q6_Main-KV_1440x640_pc_preview.jpg?imwidth=1366
Error at image 103 of website 1: Key errorImage URL: http://images.samsung.com/is/image/samsung/assets/id/2407/home/HOME_B6Q6_Main-KV_1440x640_pc_preview.jpg?imwidth=1366
Error at image 104 of website 1: Key errorImage URL: http://images.samsung.com/is/image/samsung/assets/id/2407/home/HOME_B6Q6_Main-KV_1440x640_pc_preview.jpg?imwidth=1366
Error at image 105 of website 1: Key errorImage URL: http://images.samsung.com/is/image/samsung/assets/id/2407/home/HOME_B6Q6_Main-KV_1440x640_pc_preview.jpg?imwidth=1366
Error at image 106 of website 1: Key errorImage URL: http://images.samsung.com/is/image/samsung/assets/id/2407/home/HOME_B6Q6_Main-KV_1440x640_pc_preview.jpg?imwidth=1366
Error at image 107 of website 1: Key errorImage URL: http://images.samsung.com/is/image/samsung/assets/id/2407/home/HOME_B6Q6_Main-KV_1440x640_pc_preview.jpg?imwidth=1366
Error at image 108 of website 1: Key errorImage URL: http://images.samsung.com/is/image/samsung/assets/id/2407/home/HOME_B6Q6_Main-KV_1440x640_pc_preview.jpg?imwidth=1366
Error at image 109 of website 1: Key errorImage URL: http://images.samsung.com/is/image/samsung/assets/id/2407/home/HOME_B6Q6_Main-KV_1440x640_pc_preview.jpg?imwidth=1366
Error at image 110 of website 1: Key errorImage URL: http://images.samsung.com/is/image/samsung/assets/id/2407/home/HOME_B6Q6_Main-KV_1440x640_pc_preview.jpg?imwidth=1366
Error at image 111 of website 1: Key errorImage URL: http://images.samsung.com/is/image/samsung/assets/id/2407/home/HOME_B6Q6_Main-KV_1440x640_pc_preview.jpg?imwidth=1366
Error at image 112 of website 1: Key errorImage URL: http://images.samsung.com/is/image/samsung/assets/id/2407/home/HOME_B6Q6_Main-KV_1440x640_pc_preview.jpg?imwidth=1366
Error at image 113 of website 1: Key errorImage URL: http://images.samsung.com/is/image/samsung/assets/id/2407/home/HOME_B6Q6_Main-KV_1440x640_pc_preview.jpg?imwidth=1366
Error at image 114 of website 1: Key errorImage URL: http://images.samsung.com/is/image/samsung/assets/id/2407/home/HOME_B6Q6_Main-KV_1440x640_pc_preview.jpg?imwidth=1366
Error at image 115 of website 1: Key errorImage URL: http://images.samsung.com/is/image/samsung/assets/id/2407/home/HOME_B6Q6_Main-KV_1440x640_pc_preview.jpg?imwidth=1366
Error at image 116 of website 1: Key errorImage URL: http://images.samsung.com/is/image/samsung/assets/id/2407/home/HOME_B6Q6_Main-KV_1440x640_pc_preview.jpg?imwidth=1366
Error at image 117 of website 1: Key errorImage URL: http://images.samsung.com/is/image/samsung/assets/id/2407/home/HOME_B6Q6_Main-KV_1440x640_pc_preview.jpg?imwidth=1366
Error at image 118 of website 1: Key errorImage URL: http://images.samsung.com/is/image/samsung/assets/id/2407/home/HOME_B6Q6_Main-KV_1440x640_pc_preview.jpg?imwidth=1366
Error at image 119 of website 1: Key errorImage URL: http://images.samsung.com/is/image/samsung/assets/id/2407/home/HOME_B6Q6_Main-KV_1440x640_pc_preview.jpg?imwidth=1366
Error at image 120 of website 1: Key errorImage URL: http://images.samsung.com/is/image/samsung/assets/id/2407/home/HOME_B6Q6_Main-KV_1440x640_pc_preview.jpg?imwidth=1366
Error at image 121 of website 1: Key errorImage URL: http://images.samsung.com/is/image/samsung/assets/id/2407/home/HOME_B6Q6_Main-KV_1440x640_pc_preview.jpg?imwidth=1366
Error at image 122 of website 1: Key errorImage URL: http://images.samsung.com/is/image/samsung/assets/id/2407/home/HOME_B6Q6_Main-KV_1440x640_pc_preview.jpg?imwidth=1366
Error at image 123 of website 1: Key errorImage URL: http://images.samsung.com/is/image/samsung/assets/id/2407/home/HOME_B6Q6_Main-KV_1440x640_pc_preview.jpg?imwidth=1366
Error at image 124 of website 1: Key errorImage URL: http://images.samsung.com/is/image/samsung/assets/id/2407/home/HOME_B6Q6_Main-KV_1440x640_pc_preview.jpg?imwidth=1366
Error at image 125 of website 1: Key errorImage URL: http://images.samsung.com/is/image/samsung/assets/id/2407/home/HOME_B6Q6_Main-KV_1440x640_pc_preview.jpg?imwidth=1366
Error at image 126 of website 1: Key errorImage URL: http://images.samsung.com/is/image/samsung/assets/id/2407/home/HOME_B6Q6_Main-KV_1440x640_pc_preview.jpg?imwidth=1366
Error at website 3: module 'webbrowser' has no attribute 'close'
Error at website 4: module 'webbrowser' has no attribute 'close'
Error at website 5: module 'webbrowser' has no attribute 'close'
Error at website 6: module 'webbrowser' has no attribute 'close'
Error at website 7: module 'webbrowser' has no attribute 'close'
Error at website 8: module 'webbrowser' has no attribute 'close'
Error at website 9: module 'webbrowser' has no attribute 'close'
Error at website 10: module 'webbrowser' has no attribute 'close'
Error at website 11: module 'webbrowser' has no attribute 'close'
Error at image 1 of website 11: cannot identify image file <_io.BytesIO object at 0x7fdd3c4768e0>
Image URL: http://nutanix.com/content/dam/nutanix/images/one-place/icon_modern-500x500.svg
Error at image 2 of website 11: module 'webbrowser' has no attribute 'close'
Image URL: http://nutanix.com/content/dam/nutanix/images/one-place/oneplace-flexibility-560x425.jpg
Error at image 3 of website 11: module 'webbrowser' has no attribute 'close'
Image URL: http://nutanix.com/content/dam/nutanix/images/one-place/icon_chat.png
Error at image 4 of website 11: module 'webbrowser' has no attribute 'close'
Image URL: http://nutanix.com/content/dam/nutanix/logos/with-padding/logo_societe-generale.png
Error at image 5 of website 11: module 'webbrowser' has no attribute 'close'
Image URL: http://nutanix.com/content/dam/nutanix/logos/with-padding/logo-olam.png
